
< 17-12-01 15:58:41 >==============================================
Device is Inserted On Driver : [Hub1 Port5] [VER:0, SN:6&17e8c39&0#{53f]
   Begin the USB Task...
   Step 1 disable...
   Begin Step 2... Action: Write, Chip: RAM, Address: 0xF8002000, File: F:\work\item\7682\v001\program\Tools\G+CodePacker 1.0.9 Patch 001\USBMassProductionTool/code/gp15b_ispbin.bin
   Step 2 - Start Time : 2017/12/01 PM 03:58:43:930
   Step 2 - End Time : 2017/12/01 PM 03:58:43:937
   Step 2 ok! Spent Time: 0.0s
   Begin Step 3... Action: Jump to Function, Chip: RAM, Address: 0xF8002000
   Step 3 - Start Time : 2017/12/01 PM 03:58:43:937
   Step 3 - End Time : 2017/12/01 PM 03:58:43:937
   Step 3 ok! Spent Time: 0.0s
   Begin Step 4... Action: Erase, Chip: SPI Nor Flash, Address: 0x0000, Length: 40
   Step 4 - Start Time : 2017/12/01 PM 03:58:43:938
   Step 4 - End Time : 2017/12/01 PM 03:59:00:681
   Step 4 ok! Spent Time: 16.754s
   Begin Step 5... Action: Write, Chip: SPI Nor Flash, Address: 0x0000, File: F:\work\item\7682\v001\program\Tools/gpcv1248_spifc_pack_/cb_result.bin
   Step 5 - Start Time : 2017/12/01 PM 03:59:00:681
   Step 5 - End Time : 2017/12/01 PM 03:59:03:378
   Step 5 ok! Spent Time: 2.683s
   USB Task Finished! Spent Time: 19.437s
   Device is Pullouted.

< 17-12-01 16:18:45 >==============================================
Device is Inserted On Driver : [Hub1 Port5] [VER:0, SN:6&166bd2d1&0#{53]
   Device is Pullouted.

< 17-12-01 16:21:39 >==============================================
Device is Inserted On Driver : [Hub1 Port5] [VER:0, SN:6&166bd2d1&0#{53]
   Device is Pullouted.

< 17-12-01 16:27:07 >==============================================
Device is Inserted On Driver : [Hub1 Port5] [VER:0, SN:6&17e8c39&0#{53f]
   Begin the USB Task...
   Step 1 disable...
   Begin Step 2... Action: Write, Chip: RAM, Address: 0xF8002000, File: F:\work\item\7682\v001\program\Tools\G+CodePacker 1.0.9 Patch 001\USBMassProductionTool/code/gp15b_ispbin.bin
   Step 2 - Start Time : 2017/12/01 PM 04:27:13:689
   Step 2 - End Time : 2017/12/01 PM 04:27:13:696
   Step 2 ok! Spent Time: 0.0s
   Begin Step 3... Action: Jump to Function, Chip: RAM, Address: 0xF8002000
   Step 3 - Start Time : 2017/12/01 PM 04:27:13:696
   Step 3 - End Time : 2017/12/01 PM 04:27:13:697
   Step 3 ok! Spent Time: 0.16s
   Begin Step 4... Action: Erase, Chip: SPI Nor Flash, Address: 0x0000, Length: 40
   Step 4 - Start Time : 2017/12/01 PM 04:27:13:698
   Step 4 - End Time : 2017/12/01 PM 04:27:29:913
   Step 4 ok! Spent Time: 16.208s
   Begin Step 5... Action: Write, Chip: SPI Nor Flash, Address: 0x0000, File: F:\work\item\7682\v001\program\Tools/gpcv1248_spifc_pack_/cb_result.bin
   Step 5 - Start Time : 2017/12/01 PM 04:27:29:913
   Step 5 - End Time : 2017/12/01 PM 04:27:32:616
   Step 5 ok! Spent Time: 2.699s
   USB Task Finished! Spent Time: 18.923s
   Device is Pullouted.

< 17-12-01 16:27:42 >==============================================
Device is Inserted On Driver : [Hub1 Port5] [VER:0, SN:6&166bd2d1&0#{53]
   Device is Pullouted.

< 17-12-01 16:30:12 >==============================================
Device is Inserted On Driver : [Hub1 Port5] [VER:0, SN:6&17e8c39&0#{53f]
   Begin the USB Task...
   Step 1 disable...
   Begin Step 2... Action: Write, Chip: RAM, Address: 0xF8002000, File: F:\work\item\7682\v001\program\Tools\G+CodePacker 1.0.9 Patch 001\USBMassProductionTool/code/gp15b_ispbin.bin
   Step 2 - Start Time : 2017/12/01 PM 04:30:16:674
   Step 2 - End Time : 2017/12/01 PM 04:30:16:680
   Step 2 ok! Spent Time: 0.0s
   Begin Step 3... Action: Jump to Function, Chip: RAM, Address: 0xF8002000
   Step 3 - Start Time : 2017/12/01 PM 04:30:16:681
   Step 3 - End Time : 2017/12/01 PM 04:30:16:681
   Step 3 ok! Spent Time: 0.0s
   Begin Step 4... Action: Erase, Chip: SPI Nor Flash, Address: 0x0000, Length: 40
   Step 4 - Start Time : 2017/12/01 PM 04:30:16:682
   Step 4 - End Time : 2017/12/01 PM 04:30:33:112
   Step 4 ok! Spent Time: 16.427s
   Begin Step 5... Action: Write, Chip: SPI Nor Flash, Address: 0x0000, File: F:\work\item\7682\v001\program\Tools/gpcv1248_spifc_pack_/cb_result.bin
   Step 5 - Start Time : 2017/12/01 PM 04:30:33:112
   Step 5 - End Time : 2017/12/01 PM 04:30:35:822
   Step 5 ok! Spent Time: 2.714s
   USB Task Finished! Spent Time: 19.141s
   Device is Pullouted.

< 17-12-01 16:33:54 >==============================================
Device is Inserted On Driver : [Hub1 Port5] [VER:0, SN:6&166bd2d1&0#{53]
   Device is Pullouted.

< 17-12-01 17:33:48 >==============================================
Device is Inserted On Driver : [Hub1 Port5] [VER:0, SN:6&17e8c39&0#{53f]
   Begin the USB Task...
   Step 1 disable...
   Begin Step 2... Action: Write, Chip: RAM, Address: 0xF8002000, File: F:\work\item\7682\v001\program\Tools\G+CodePacker 1.0.9 Patch 001\USBMassProductionTool/code/gp15b_ispbin.bin
   Step 2 - Start Time : 2017/12/01 PM 05:33:51:56
   Step 2 - End Time : 2017/12/01 PM 05:33:51:63
   Step 2 ok! Spent Time: 0.0s
   Begin Step 3... Action: Jump to Function, Chip: RAM, Address: 0xF8002000
   Step 3 - Start Time : 2017/12/01 PM 05:33:51:63
   Step 3 - End Time : 2017/12/01 PM 05:33:51:63
   Step 3 ok! Spent Time: 0.0s
   Begin Step 4... Action: Erase, Chip: SPI Nor Flash, Address: 0x0000, Length: 40
   Step 4 - Start Time : 2017/12/01 PM 05:33:51:64
   Step 4 - End Time : 2017/12/01 PM 05:34:06:844
   Step 4 ok! Spent Time: 15.787s
   Begin Step 5... Action: Write, Chip: SPI Nor Flash, Address: 0x0000, File: F:\work\item\7682\v001\program\Tools/gpcv1248_spifc_pack_/cb_result.bin
   Step 5 - Start Time : 2017/12/01 PM 05:34:06:844
   Step 5 - End Time : 2017/12/01 PM 05:34:09:415
   Step 5 ok! Spent Time: 2.574s
   USB Task Finished! Spent Time: 18.361s
   Device is Pullouted.

< 17-12-01 17:34:30 >==============================================
Device is Inserted On Driver : [Hub1 Port5] [VER:0, SN:6&17e8c39&0#{53f]
   Begin the USB Task...
   Step 1 disable...
   Begin Step 2... Action: Write, Chip: RAM, Address: 0xF8002000, File: F:\work\item\7682\v001\program\Tools\G+CodePacker 1.0.9 Patch 001\USBMassProductionTool/code/gp15b_ispbin.bin
   Step 2 - Start Time : 2017/12/01 PM 05:34:32:991
   Step 2 - End Time : 2017/12/01 PM 05:34:32:997
   Step 2 ok! Spent Time: 0.0s
   Begin Step 3... Action: Jump to Function, Chip: RAM, Address: 0xF8002000
   Step 3 - Start Time : 2017/12/01 PM 05:34:32:998
   Step 3 - End Time : 2017/12/01 PM 05:34:32:998
   Step 3 ok! Spent Time: 0.0s
   Begin Step 4... Action: Erase, Chip: SPI Nor Flash, Address: 0x0000, Length: 40
   Step 4 - Start Time : 2017/12/01 PM 05:34:32:998
   Step 4 - End Time : 2017/12/01 PM 05:34:48:808
   Step 4 ok! Spent Time: 15.818s
   Begin Step 5... Action: Write, Chip: SPI Nor Flash, Address: 0x0000, File: F:\work\item\7682\v001\program\Tools/gpcv1248_spifc_pack_/cb_result.bin
   Step 5 - Start Time : 2017/12/01 PM 05:34:48:809
   Step 5 - End Time : 2017/12/01 PM 05:34:51:383
   Step 5 ok! Spent Time: 2.574s
   USB Task Finished! Spent Time: 18.392s
   Device is Pullouted.

< 17-12-01 17:39:56 >==============================================
Device is Inserted On Driver : [Hub1 Port5] [VER:0, SN:6&17e8c39&0#{53f]
   Begin the USB Task...
   Step 1 disable...
   Begin Step 2... Action: Write, Chip: RAM, Address: 0xF8002000, File: F:\work\item\7682\v001\program\Tools\G+CodePacker 1.0.9 Patch 001\USBMassProductionTool/code/gp15b_ispbin.bin
   Step 2 - Start Time : 2017/12/01 PM 05:39:59:83
   Step 2 - End Time : 2017/12/01 PM 05:39:59:91
   Step 2 ok! Spent Time: 0.15s
   Begin Step 3... Action: Jump to Function, Chip: RAM, Address: 0xF8002000
   Step 3 - Start Time : 2017/12/01 PM 05:39:59:93
   Step 3 - End Time : 2017/12/01 PM 05:39:59:93
   Step 3 ok! Spent Time: 0.0s
   Begin Step 4... Action: Erase, Chip: SPI Nor Flash, Address: 0x0000, Length: 40
   Step 4 - Start Time : 2017/12/01 PM 05:39:59:94
   Step 4 - End Time : 2017/12/01 PM 05:40:14:991
   Step 4 ok! Spent Time: 15.897s
   Begin Step 5... Action: Write, Chip: SPI Nor Flash, Address: 0x0000, File: F:\work\item\7682\v001\program\Tools/gpcv1248_spifc_pack_/cb_result.bin
   Step 5 - Start Time : 2017/12/01 PM 05:40:14:992
   Step 5 - End Time : 2017/12/01 PM 05:40:17:570
   Step 5 ok! Spent Time: 2.574s
   USB Task Finished! Spent Time: 18.486s
   Device is Pullouted.

< 17-12-01 17:45:49 >==============================================
Device is Inserted On Driver : [Hub1 Port5] [VER:0, SN:6&17e8c39&0#{53f]
   Begin the USB Task...
   Step 1 disable...
   Begin Step 2... Action: Write, Chip: RAM, Address: 0xF8002000, File: F:\work\item\7682\v001\program\Tools\G+CodePacker 1.0.9 Patch 001\USBMassProductionTool/code/gp15b_ispbin.bin
   Step 2 - Start Time : 2017/12/01 PM 05:45:52:469
   Step 2 - End Time : 2017/12/01 PM 05:45:52:476
   Step 2 ok! Spent Time: 0.0s
   Begin Step 3... Action: Jump to Function, Chip: RAM, Address: 0xF8002000
   Step 3 - Start Time : 2017/12/01 PM 05:45:52:476
   Step 3 - End Time : 2017/12/01 PM 05:45:52:477
   Step 3 ok! Spent Time: 0.15s
   Begin Step 4... Action: Erase, Chip: SPI Nor Flash, Address: 0x0000, Length: 40
   Step 4 - Start Time : 2017/12/01 PM 05:45:52:477
   Step 4 - End Time : 2017/12/01 PM 05:46:08:358
   Step 4 ok! Spent Time: 15.881s
   Begin Step 5... Action: Write, Chip: SPI Nor Flash, Address: 0x0000, File: F:\work\item\7682\v001\program\Tools/gpcv1248_spifc_pack_/cb_result.bin
   Step 5 - Start Time : 2017/12/01 PM 05:46:08:358
   Step 5 - End Time : 2017/12/01 PM 05:46:10:932
   Step 5 ok! Spent Time: 2.574s
   USB Task Finished! Spent Time: 18.470s
   Device is Pullouted.

< 17-12-01 18:04:04 >==============================================
Device is Inserted On Driver : [Hub1 Port5] [VER:0, SN:6&17e8c39&0#{53f]
   Begin the USB Task...
   Step 1 disable...
   Begin Step 2... Action: Write, Chip: RAM, Address: 0xF8002000, File: F:\work\item\7682\v001\program\Tools\G+CodePacker 1.0.9 Patch 001\USBMassProductionTool/code/gp15b_ispbin.bin
   Step 2 - Start Time : 2017/12/01 PM 06:04:08:99
   Step 2 - End Time : 2017/12/01 PM 06:04:08:106
   Step 2 ok! Spent Time: 0.15s
   Begin Step 3... Action: Jump to Function, Chip: RAM, Address: 0xF8002000
   Step 3 - Start Time : 2017/12/01 PM 06:04:08:106
   Step 3 - End Time : 2017/12/01 PM 06:04:08:107
   Step 3 ok! Spent Time: 0.0s
   Begin Step 4... Action: Erase, Chip: SPI Nor Flash, Address: 0x0000, Length: 40
   Step 4 - Start Time : 2017/12/01 PM 06:04:08:107
   Step 4 - End Time : 2017/12/01 PM 06:04:23:991
   Step 4 ok! Spent Time: 15.881s
   Begin Step 5... Action: Write, Chip: SPI Nor Flash, Address: 0x0000, File: F:\work\item\7682\v001\program\Tools/gpcv1248_spifc_pack_/cb_result.bin
   Step 5 - Start Time : 2017/12/01 PM 06:04:23:992
   Step 5 - End Time : 2017/12/01 PM 06:04:26:567
   Step 5 ok! Spent Time: 2.574s
   USB Task Finished! Spent Time: 18.470s
   Device is Pullouted.

< 17-12-01 18:07:43 >==============================================
Device is Inserted On Driver : [Hub1 Port5] [VER:0, SN:6&166bd2d1&0#{53]
   Device is Pullouted.

< 17-12-01 18:10:27 >==============================================
Device is Inserted On Driver : [Hub1 Port5] [VER:0, SN:6&166bd2d1&0#{53]
   Device is Pullouted.
